<?xml version="1.0" encoding="UTF-8"?>
<Site BuildName="(empty)"
	BuildStamp="20240514-0021-Experimental"
	Name="linux"
	Generator="ctest-3.16.3"
	CompilerName="/usr/bin/c++"
	CompilerVersion="9.4.0"
	OSName="Linux"
	Hostname="linux"
	OSRelease="5.4.0-177-generic"
	OSVersion="#197-Ubuntu SMP Thu Mar 28 22:51:24 UTC 2024"
	OSPlatform="aarch64"
	Is64Bits="1"
	VendorString=""
	VendorID="Unknown Manufacturer"
	FamilyID="8"
	ModelID="0"
	ProcessorCacheSize="0"
	NumberOfLogicalCPU="8"
	NumberOfPhysicalCPU="1"
	TotalVirtualMemory="4095"
	TotalPhysicalMemory="7936"
	LogicalProcessorsPerPhysical="8"
	ProcessorClockFrequency="0"
	>
	<Testing>
		<StartDateTime>May 14 10:33 AEST</StartDateTime>
		<StartTestTime>1715646832</StartTestTime>
		<TestList/>
		<EndDateTime>May 14 10:33 AEST</EndDateTime>
		<EndTestTime>1715646832</EndTestTime>
		<ElapsedMinutes>0</ElapsedMinutes>
	</Testing>
</Site>
